<?xml version="1.0" encoding="UTF-8"?>
<!-- Generated by org.testng.reporters.JUnitXMLReporter -->
<testsuite ignored="0" hostname="GURLPG02P17R" failures="0" tests="5" name="Default test" time="9.108" errors="0" timestamp="2024-09-20T18:05:03 IST">
  <testcase classname="api.tests.DDTests" name="AddPlacedataTest" time="4.32"/>
  <testcase classname="api.tests.DDTests" name="AddPlacedataTest" time="0.19"/>
  <testcase classname="api.tests.DDTests" name="AddPlacedataTest" time="0.182"/>
  <testcase classname="api.tests.DDTests" name="AddPlacedataTest" time="0.218"/>
  <testcase classname="api.tests.DDTests" name="deleteAllPlacesTest" time="1.921"/>
</testsuite> <!-- Default test -->
