<?xml version="1.0" encoding="UTF-8"?>
<!-- Generated by org.testng.reporters.JUnitXMLReporter -->
<testsuite ignored="0" hostname="GURLPG02P17R" failures="0" tests="4" name="Test" time="9.794" errors="0" timestamp="2024-09-21T18:13:18 IST">
  <testcase classname="api.tests.AddPlaceTestByPropertiesFile" name="createPlace" time="2.538"/>
  <testcase classname="api.tests.AddPlaceTestByPropertiesFile" name="getResponseByPlaceId" time="1.287"/>
  <testcase classname="api.tests.AddPlaceTestByPropertiesFile" name="updateByPlaceId" time="3.032"/>
  <testcase classname="api.tests.AddPlaceTestByPropertiesFile" name="deleteByPlaceId" time="1.875"/>
</testsuite> <!-- Test -->
