<?xml version="1.0" encoding="UTF-8"?>
<!-- Generated by org.testng.reporters.JUnitXMLReporter -->
<testsuite ignored="0" hostname="GURLPG02P17R" failures="0" tests="4" name="Test" time="12.678" errors="0" timestamp="2024-09-22T00:50:36 IST">
  <testcase classname="api.tests.AddPlaceTestByPropertiesFile" name="createPlace" time="5.42"/>
  <testcase classname="api.tests.AddPlaceTestByPropertiesFile" name="getResponseByPlaceId" time="1.195"/>
  <testcase classname="api.tests.AddPlaceTestByPropertiesFile" name="updateByPlaceId" time="2.87"/>
  <testcase classname="api.tests.AddPlaceTestByPropertiesFile" name="deleteByPlaceId" time="1.705"/>
</testsuite> <!-- Test -->
