<?xml version="1.0" encoding="UTF-8"?>
<testsuite xmlns:xsi="http://www.w3.org/2001/XMLSchema-instance" xsi:noNamespaceSchemaLocation="https://maven.apache.org/surefire/maven-surefire-plugin/xsd/surefire-test-report-3.0.xsd" version="3.0" name="TestSuite" time="13.915" tests="4" errors="0" skipped="0" failures="0">
  <properties>
[...]
</properties>
  <testcase name="createPlace" classname="api.tests.AddPlaceTestByPropertiesFile" time="5.455">
    <system-out><![CDATA[Generated AddPlaces Data: api.payload.AddPlaces@527937d0
api.payload.AddPlaces@527937d0
Request method:	POST
Request URI:	https://rahulshettyacademy.com/maps/api/place/add/json?key=qaclick123
Proxy:			<none>
Request params:	<none>
Query params:	key=qaclick123
Form params:	<none>
Path params:	<none>
Headers:		Accept=*/*
				Content-Type=application/json
Cookies:		<none>
Multiparts:		<none>
Body:
{
    "location": {
        "lat": -18.987967,
        "lng": 57.507764
    },
    "accuracy": 61,
    "name": "Stroman LLC",
    "phone_number": "965.095.1459",
    "address": "Apt. 530 73012 Rubin Mews, Haleystad, CA 16917-5554",
    "types": [
        "park",
        "shop"
    ],
    "website": "www.elisha-toy.co",
    "language": "English"
}
HTTP/1.1 200 OK
Date: Sat, 21 Sep 2024 19:20:28 GMT
Server: Apache/2.4.52 (Ubuntu)
Access-Control-Allow-Origin: *
Access-Control-Allow-Methods: POST
Access-Control-Max-Age: 3600
Access-Control-Allow-Headers: Content-Type, Access-Control-Allow-Headers, Authorization, X-Requested-With
Content-Length: 194
Keep-Alive: timeout=5, max=100
Connection: Keep-Alive
Content-Type: application/json;charset=UTF-8

{
    "status": "OK",
    "place_id": "8f0a537500ee6deecdbf04023705f1c6",
    "scope": "APP",
    "reference": "ead1b4f46aa0f6d2181755e6d9d8d3ddead1b4f46aa0f6d2181755e6d9d8d3dd",
    "id": "ead1b4f46aa0f6d2181755e6d9d8d3dd"
}
Place ID: 8f0a537500ee6deecdbf04023705f1c6
status is OK
]]></system-out>
    <system-err><![CDATA[SLF4J: Failed to load class "org.slf4j.impl.StaticLoggerBinder".
SLF4J: Defaulting to no-operation (NOP) logger implementation
SLF4J: See http://www.slf4j.org/codes.html#StaticLoggerBinder for further details.
]]></system-err>
  </testcase>
  <testcase name="getResponseByPlaceId" classname="api.tests.AddPlaceTestByPropertiesFile" time="1.188">
    <system-out><![CDATA[HTTP/1.1 200 OK
Date: Sat, 21 Sep 2024 19:20:30 GMT
Server: Apache/2.4.52 (Ubuntu)
Access-Control-Allow-Origin: *
Access-Control-Allow-Methods: POST
Access-Control-Max-Age: 3600
Access-Control-Allow-Headers: Content-Type, Access-Control-Allow-Headers, Authorization, X-Requested-With
Content-Length: 264
Keep-Alive: timeout=5, max=100
Connection: Keep-Alive
Content-Type: application/json;charset=UTF-8

{
    "location": {
        "latitude": "-18.987967",
        "longitude": "57.507764"
    },
    "accuracy": "61",
    "name": "Stroman LLC",
    "phone_number": "965.095.1459",
    "address": "Apt. 530 73012 Rubin Mews, Haleystad, CA 16917-5554",
    "types": "park,shop",
    "website": "www.elisha-toy.co",
    "language": "English"
}
get request reposnse is :  {"location":{"latitude":"-18.987967","longitude":"57.507764"},"accuracy":"61","name":"Stroman LLC","phone_number":"965.095.1459","address":"Apt. 530 73012 Rubin Mews, Haleystad, CA 16917-5554","types":"park,shop","website":"www.elisha-toy.co","language":"English"}
]]></system-out>
  </testcase>
  <testcase name="updateByPlaceId" classname="api.tests.AddPlaceTestByPropertiesFile" time="2.854">
    <system-out><![CDATA[Request method:	PUT
Request URI:	https://rahulshettyacademy.com/maps/api/place/update/json?key=qaclick123
Proxy:			<none>
Request params:	<none>
Query params:	key=qaclick123
Form params:	<none>
Path params:	<none>
Headers:		Accept=*/*
				Content-Type=application/json
Cookies:		<none>
Multiparts:		<none>
Body:
{
    "place_id": "8f0a537500ee6deecdbf04023705f1c6",
    "address": "Apt. 393 30631 Kizzy Roads, Bogisichport, NJ 35270",
    "key": "qaclick123"
}
HTTP/1.1 200 OK
Date: Sat, 21 Sep 2024 19:20:31 GMT
Server: Apache/2.4.52 (Ubuntu)
Access-Control-Allow-Origin: *
Access-Control-Allow-Methods: POST
Access-Control-Max-Age: 3600
Access-Control-Allow-Headers: Content-Type, Access-Control-Allow-Headers, Authorization, X-Requested-With
Content-Length: 38
Keep-Alive: timeout=5, max=100
Connection: Keep-Alive
Content-Type: application/json;charset=UTF-8

{
    "msg": "Address successfully updated"
}
Update response message: Address successfully updated
HTTP/1.1 200 OK
Date: Sat, 21 Sep 2024 19:20:33 GMT
Server: Apache/2.4.52 (Ubuntu)
Access-Control-Allow-Origin: *
Access-Control-Allow-Methods: POST
Access-Control-Max-Age: 3600
Access-Control-Allow-Headers: Content-Type, Access-Control-Allow-Headers, Authorization, X-Requested-With
Content-Length: 263
Keep-Alive: timeout=5, max=100
Connection: Keep-Alive
Content-Type: application/json;charset=UTF-8

{
    "location": {
        "latitude": "-18.987967",
        "longitude": "57.507764"
    },
    "accuracy": "61",
    "name": "Stroman LLC",
    "phone_number": "965.095.1459",
    "address": "Apt. 393 30631 Kizzy Roads, Bogisichport, NJ 35270",
    "types": "park,shop",
    "website": "www.elisha-toy.co",
    "language": "English"
}
GET request response after update: {"location":{"latitude":"-18.987967","longitude":"57.507764"},"accuracy":"61","name":"Stroman LLC","phone_number":"965.095.1459","address":"Apt. 393 30631 Kizzy Roads, Bogisichport, NJ 35270","types":"park,shop","website":"www.elisha-toy.co","language":"English"}
]]></system-out>
  </testcase>
  <testcase name="deleteByPlaceId" classname="api.tests.AddPlaceTestByPropertiesFile" time="1.708">
    <system-out><![CDATA[HTTP/1.1 200 OK
Date: Sat, 21 Sep 2024 19:20:34 GMT
Server: Apache/2.4.52 (Ubuntu)
Access-Control-Allow-Origin: *
Access-Control-Allow-Methods: POST
Access-Control-Max-Age: 3600
Access-Control-Allow-Headers: Content-Type, Access-Control-Allow-Headers, Authorization, X-Requested-With
Content-Length: 15
Keep-Alive: timeout=5, max=100
Connection: Keep-Alive
Content-Type: application/json;charset=UTF-8

{
    "status": "OK"
}
Delete response status: OK
]]></system-out>
  </testcase>
</testsuite>