<?xml version="1.0" encoding="UTF-8"?>
<testng-results ignored="0" total="4" passed="4" failed="0" skipped="0">
  <reporter-output>
  </reporter-output>
  <suite started-at="2024-09-21T18:13:08 IST" name="Suite" finished-at="2024-09-21T18:13:17 IST" duration-ms="9794">
    <groups>
    </groups>
    <test started-at="2024-09-21T18:13:08 IST" name="Test" finished-at="2024-09-21T18:13:17 IST" duration-ms="9794">
      <class name="api.tests.AddPlaceTestByPropertiesFile">
        <test-method is-config="true" signature="SetupData()[pri:0, instance:api.tests.AddPlaceTestByPropertiesFile@6302bbb1]" started-at="2024-09-21T18:13:08 IST" name="SetupData" finished-at="2024-09-21T18:13:09 IST" duration-ms="792" status="PASS">
          <reporter-output>
          </reporter-output>
        </test-method> <!-- SetupData -->
        <test-method signature="createPlace()[pri:1, instance:api.tests.AddPlaceTestByPropertiesFile@6302bbb1]" started-at="2024-09-21T18:13:09 IST" name="createPlace" finished-at="2024-09-21T18:13:11 IST" duration-ms="2538" status="PASS">
          <reporter-output>
          </reporter-output>
        </test-method> <!-- createPlace -->
        <test-method signature="getResponseByPlaceId()[pri:2, instance:api.tests.AddPlaceTestByPropertiesFile@6302bbb1]" started-at="2024-09-21T18:13:11 IST" name="getResponseByPlaceId" finished-at="2024-09-21T18:13:13 IST" duration-ms="1287" status="PASS">
          <reporter-output>
          </reporter-output>
        </test-method> <!-- getResponseByPlaceId -->
        <test-method signature="updateByPlaceId()[pri:3, instance:api.tests.AddPlaceTestByPropertiesFile@6302bbb1]" started-at="2024-09-21T18:13:13 IST" name="updateByPlaceId" finished-at="2024-09-21T18:13:16 IST" duration-ms="3032" status="PASS">
          <reporter-output>
          </reporter-output>
        </test-method> <!-- updateByPlaceId -->
        <test-method signature="deleteByPlaceId()[pri:4, instance:api.tests.AddPlaceTestByPropertiesFile@6302bbb1]" started-at="2024-09-21T18:13:16 IST" name="deleteByPlaceId" finished-at="2024-09-21T18:13:17 IST" duration-ms="1875" status="PASS">
          <reporter-output>
          </reporter-output>
        </test-method> <!-- deleteByPlaceId -->
      </class> <!-- api.tests.AddPlaceTestByPropertiesFile -->
    </test> <!-- Test -->
  </suite> <!-- Suite -->
</testng-results>
